<?xml version="1.0" encoding="UTF-8"?>
<testsuite xmlns:xsi="http://www.w3.org/2001/XMLSchema-instance" xsi:noNamespaceSchemaLocation="https://maven.apache.org/surefire/maven-surefire-plugin/xsd/surefire-test-report-3.0.xsd" version="3.0" name="TestSuite" time="87.693" tests="2" errors="0" skipped="0" failures="0">
  <properties>
    <property name="java.specification.version" value="15"/>
    <property name="webdriver.chrome.driver" value="/Users/rahmanfamily/.m2/repository/webdriver/chromedriver/mac64/87.0.4280.88/chromedriver"/>
    <property name="sun.jnu.encoding" value="UTF-8"/>
    <property name="java.class.path" value="/Users/rahmanfamily/Desktop/alibaba/target/test-classes:/Users/rahmanfamily/Desktop/alibaba/target/classes:/Users/rahmanfamily/.m2/repository/org/seleniumhq/selenium/selenium-java/3.141.59/selenium-java-3.141.59.jar:/Users/rahmanfamily/.m2/repository/org/seleniumhq/selenium/selenium-api/3.141.59/selenium-api-3.141.59.jar:/Users/rahmanfamily/.m2/repository/org/seleniumhq/selenium/selenium-chrome-driver/3.141.59/selenium-chrome-driver-3.141.59.jar:/Users/rahmanfamily/.m2/repository/org/seleniumhq/selenium/selenium-edge-driver/3.141.59/selenium-edge-driver-3.141.59.jar:/Users/rahmanfamily/.m2/repository/org/seleniumhq/selenium/selenium-firefox-driver/3.141.59/selenium-firefox-driver-3.141.59.jar:/Users/rahmanfamily/.m2/repository/org/seleniumhq/selenium/selenium-ie-driver/3.141.59/selenium-ie-driver-3.141.59.jar:/Users/rahmanfamily/.m2/repository/org/seleniumhq/selenium/selenium-opera-driver/3.141.59/selenium-opera-driver-3.141.59.jar:/Users/rahmanfamily/.m2/repository/org/seleniumhq/selenium/selenium-remote-driver/3.141.59/selenium-remote-driver-3.141.59.jar:/Users/rahmanfamily/.m2/repository/org/seleniumhq/selenium/selenium-safari-driver/3.141.59/selenium-safari-driver-3.141.59.jar:/Users/rahmanfamily/.m2/repository/org/seleniumhq/selenium/selenium-support/3.141.59/selenium-support-3.141.59.jar:/Users/rahmanfamily/.m2/repository/net/bytebuddy/byte-buddy/1.8.15/byte-buddy-1.8.15.jar:/Users/rahmanfamily/.m2/repository/org/apache/commons/commons-exec/1.3/commons-exec-1.3.jar:/Users/rahmanfamily/.m2/repository/com/google/guava/guava/25.0-jre/guava-25.0-jre.jar:/Users/rahmanfamily/.m2/repository/com/google/code/findbugs/jsr305/1.3.9/jsr305-1.3.9.jar:/Users/rahmanfamily/.m2/repository/org/checkerframework/checker-compat-qual/2.0.0/checker-compat-qual-2.0.0.jar:/Users/rahmanfamily/.m2/repository/com/google/errorprone/error_prone_annotations/2.1.3/error_prone_annotations-2.1.3.jar:/Users/rahmanfamily/.m2/repository/com/google/j2objc/j2objc-annotations/1.1/j2objc-annotations-1.1.jar:/Users/rahmanfamily/.m2/repository/org/codehaus/mojo/animal-sniffer-annotations/1.14/animal-sniffer-annotations-1.14.jar:/Users/rahmanfamily/.m2/repository/com/squareup/okhttp3/okhttp/3.11.0/okhttp-3.11.0.jar:/Users/rahmanfamily/.m2/repository/com/squareup/okio/okio/1.14.0/okio-1.14.0.jar:/Users/rahmanfamily/.m2/repository/io/github/bonigarcia/webdrivermanager/4.1.0/webdrivermanager-4.1.0.jar:/Users/rahmanfamily/.m2/repository/org/slf4j/slf4j-api/1.7.30/slf4j-api-1.7.30.jar:/Users/rahmanfamily/.m2/repository/commons-io/commons-io/2.7/commons-io-2.7.jar:/Users/rahmanfamily/.m2/repository/com/google/code/gson/gson/2.8.6/gson-2.8.6.jar:/Users/rahmanfamily/.m2/repository/org/apache/commons/commons-lang3/3.10/commons-lang3-3.10.jar:/Users/rahmanfamily/.m2/repository/org/apache/httpcomponents/client5/httpclient5/5.0.1/httpclient5-5.0.1.jar:/Users/rahmanfamily/.m2/repository/org/apache/httpcomponents/core5/httpcore5/5.0.1/httpcore5-5.0.1.jar:/Users/rahmanfamily/.m2/repository/org/apache/httpcomponents/core5/httpcore5-h2/5.0.1/httpcore5-h2-5.0.1.jar:/Users/rahmanfamily/.m2/repository/commons-codec/commons-codec/1.13/commons-codec-1.13.jar:/Users/rahmanfamily/.m2/repository/org/rauschig/jarchivelib/1.0.0/jarchivelib-1.0.0.jar:/Users/rahmanfamily/.m2/repository/org/apache/commons/commons-compress/1.18/commons-compress-1.18.jar:/Users/rahmanfamily/.m2/repository/org/jsoup/jsoup/1.13.1/jsoup-1.13.1.jar:/Users/rahmanfamily/.m2/repository/org/testng/testng/7.1.0/testng-7.1.0.jar:/Users/rahmanfamily/.m2/repository/com/beust/jcommander/1.72/jcommander-1.72.jar:/Users/rahmanfamily/.m2/repository/com/google/inject/guice/4.1.0/guice-4.1.0-no_aop.jar:/Users/rahmanfamily/.m2/repository/javax/inject/javax.inject/1/javax.inject-1.jar:/Users/rahmanfamily/.m2/repository/aopalliance/aopalliance/1.0/aopalliance-1.0.jar:/Users/rahmanfamily/.m2/repository/org/yaml/snakeyaml/1.21/snakeyaml-1.21.jar:/Users/rahmanfamily/.m2/repository/org/apache/logging/log4j/log4j-api/2.13.3/log4j-api-2.13.3.jar:/Users/rahmanfamily/.m2/repository/org/apache/logging/log4j/log4j-core/2.13.3/log4j-core-2.13.3.jar:/Users/rahmanfamily/.m2/repository/org/postgresql/postgresql/42.2.18/postgresql-42.2.18.jar:/Users/rahmanfamily/.m2/repository/org/checkerframework/checker-qual/3.5.0/checker-qual-3.5.0.jar:/Users/rahmanfamily/.m2/repository/io/rest-assured/rest-assured/4.3.2/rest-assured-4.3.2.jar:/Users/rahmanfamily/.m2/repository/org/codehaus/groovy/groovy/3.0.6/groovy-3.0.6.jar:/Users/rahmanfamily/.m2/repository/org/codehaus/groovy/groovy-xml/3.0.6/groovy-xml-3.0.6.jar:/Users/rahmanfamily/.m2/repository/org/apache/httpcomponents/httpclient/4.5.3/httpclient-4.5.3.jar:/Users/rahmanfamily/.m2/repository/org/apache/httpcomponents/httpcore/4.4.6/httpcore-4.4.6.jar:/Users/rahmanfamily/.m2/repository/commons-logging/commons-logging/1.2/commons-logging-1.2.jar:/Users/rahmanfamily/.m2/repository/org/apache/httpcomponents/httpmime/4.5.3/httpmime-4.5.3.jar:/Users/rahmanfamily/.m2/repository/org/hamcrest/hamcrest/2.1/hamcrest-2.1.jar:/Users/rahmanfamily/.m2/repository/org/ccil/cowan/tagsoup/tagsoup/1.2.1/tagsoup-1.2.1.jar:/Users/rahmanfamily/.m2/repository/io/rest-assured/json-path/4.3.2/json-path-4.3.2.jar:/Users/rahmanfamily/.m2/repository/org/codehaus/groovy/groovy-json/3.0.6/groovy-json-3.0.6.jar:/Users/rahmanfamily/.m2/repository/io/rest-assured/rest-assured-common/4.3.2/rest-assured-common-4.3.2.jar:/Users/rahmanfamily/.m2/repository/io/rest-assured/xml-path/4.3.2/xml-path-4.3.2.jar:/Users/rahmanfamily/.m2/repository/jakarta/xml/bind/jakarta.xml.bind-api/2.3.3/jakarta.xml.bind-api-2.3.3.jar:/Users/rahmanfamily/.m2/repository/jakarta/activation/jakarta.activation-api/1.2.2/jakarta.activation-api-1.2.2.jar:/Users/rahmanfamily/.m2/repository/com/sun/xml/bind/jaxb-impl/2.3.3/jaxb-impl-2.3.3.jar:/Users/rahmanfamily/.m2/repository/com/googlecode/json-simple/json-simple/1.1.1/json-simple-1.1.1.jar:/Users/rahmanfamily/.m2/repository/junit/junit/4.10/junit-4.10.jar:/Users/rahmanfamily/.m2/repository/org/hamcrest/hamcrest-core/1.1/hamcrest-core-1.1.jar:"/>
    <property name="java.vm.vendor" value="Oracle Corporation"/>
    <property name="sun.arch.data.model" value="64"/>
    <property name="java.vendor.url" value="https://openjdk.java.net/"/>
    <property name="user.timezone" value="America/New_York"/>
    <property name="os.name" value="Mac OS X"/>
    <property name="java.vm.specification.version" value="15"/>
    <property name="sun.java.launcher" value="SUN_STANDARD"/>
    <property name="user.country" value="US"/>
    <property name="sun.boot.library.path" value="/usr/local/Cellar/openjdk/15.0.1/libexec/openjdk.jdk/Contents/Home/lib"/>
    <property name="sun.java.command" value="/Users/rahmanfamily/Desktop/alibaba/target/surefire/surefirebooter5903218784869711583.jar /Users/rahmanfamily/Desktop/alibaba/target/surefire 2020-12-08T18-40-23_861-jvmRun1 surefire6769666059967600088tmp surefire_011511059457856146028tmp"/>
    <property name="http.nonProxyHosts" value="local|*.local|169.254/16|*.169.254/16"/>
    <property name="jdk.debug" value="release"/>
    <property name="surefire.test.class.path" value="/Users/rahmanfamily/Desktop/alibaba/target/test-classes:/Users/rahmanfamily/Desktop/alibaba/target/classes:/Users/rahmanfamily/.m2/repository/org/seleniumhq/selenium/selenium-java/3.141.59/selenium-java-3.141.59.jar:/Users/rahmanfamily/.m2/repository/org/seleniumhq/selenium/selenium-api/3.141.59/selenium-api-3.141.59.jar:/Users/rahmanfamily/.m2/repository/org/seleniumhq/selenium/selenium-chrome-driver/3.141.59/selenium-chrome-driver-3.141.59.jar:/Users/rahmanfamily/.m2/repository/org/seleniumhq/selenium/selenium-edge-driver/3.141.59/selenium-edge-driver-3.141.59.jar:/Users/rahmanfamily/.m2/repository/org/seleniumhq/selenium/selenium-firefox-driver/3.141.59/selenium-firefox-driver-3.141.59.jar:/Users/rahmanfamily/.m2/repository/org/seleniumhq/selenium/selenium-ie-driver/3.141.59/selenium-ie-driver-3.141.59.jar:/Users/rahmanfamily/.m2/repository/org/seleniumhq/selenium/selenium-opera-driver/3.141.59/selenium-opera-driver-3.141.59.jar:/Users/rahmanfamily/.m2/repository/org/seleniumhq/selenium/selenium-remote-driver/3.141.59/selenium-remote-driver-3.141.59.jar:/Users/rahmanfamily/.m2/repository/org/seleniumhq/selenium/selenium-safari-driver/3.141.59/selenium-safari-driver-3.141.59.jar:/Users/rahmanfamily/.m2/repository/org/seleniumhq/selenium/selenium-support/3.141.59/selenium-support-3.141.59.jar:/Users/rahmanfamily/.m2/repository/net/bytebuddy/byte-buddy/1.8.15/byte-buddy-1.8.15.jar:/Users/rahmanfamily/.m2/repository/org/apache/commons/commons-exec/1.3/commons-exec-1.3.jar:/Users/rahmanfamily/.m2/repository/com/google/guava/guava/25.0-jre/guava-25.0-jre.jar:/Users/rahmanfamily/.m2/repository/com/google/code/findbugs/jsr305/1.3.9/jsr305-1.3.9.jar:/Users/rahmanfamily/.m2/repository/org/checkerframework/checker-compat-qual/2.0.0/checker-compat-qual-2.0.0.jar:/Users/rahmanfamily/.m2/repository/com/google/errorprone/error_prone_annotations/2.1.3/error_prone_annotations-2.1.3.jar:/Users/rahmanfamily/.m2/repository/com/google/j2objc/j2objc-annotations/1.1/j2objc-annotations-1.1.jar:/Users/rahmanfamily/.m2/repository/org/codehaus/mojo/animal-sniffer-annotations/1.14/animal-sniffer-annotations-1.14.jar:/Users/rahmanfamily/.m2/repository/com/squareup/okhttp3/okhttp/3.11.0/okhttp-3.11.0.jar:/Users/rahmanfamily/.m2/repository/com/squareup/okio/okio/1.14.0/okio-1.14.0.jar:/Users/rahmanfamily/.m2/repository/io/github/bonigarcia/webdrivermanager/4.1.0/webdrivermanager-4.1.0.jar:/Users/rahmanfamily/.m2/repository/org/slf4j/slf4j-api/1.7.30/slf4j-api-1.7.30.jar:/Users/rahmanfamily/.m2/repository/commons-io/commons-io/2.7/commons-io-2.7.jar:/Users/rahmanfamily/.m2/repository/com/google/code/gson/gson/2.8.6/gson-2.8.6.jar:/Users/rahmanfamily/.m2/repository/org/apache/commons/commons-lang3/3.10/commons-lang3-3.10.jar:/Users/rahmanfamily/.m2/repository/org/apache/httpcomponents/client5/httpclient5/5.0.1/httpclient5-5.0.1.jar:/Users/rahmanfamily/.m2/repository/org/apache/httpcomponents/core5/httpcore5/5.0.1/httpcore5-5.0.1.jar:/Users/rahmanfamily/.m2/repository/org/apache/httpcomponents/core5/httpcore5-h2/5.0.1/httpcore5-h2-5.0.1.jar:/Users/rahmanfamily/.m2/repository/commons-codec/commons-codec/1.13/commons-codec-1.13.jar:/Users/rahmanfamily/.m2/repository/org/rauschig/jarchivelib/1.0.0/jarchivelib-1.0.0.jar:/Users/rahmanfamily/.m2/repository/org/apache/commons/commons-compress/1.18/commons-compress-1.18.jar:/Users/rahmanfamily/.m2/repository/org/jsoup/jsoup/1.13.1/jsoup-1.13.1.jar:/Users/rahmanfamily/.m2/repository/org/testng/testng/7.1.0/testng-7.1.0.jar:/Users/rahmanfamily/.m2/repository/com/beust/jcommander/1.72/jcommander-1.72.jar:/Users/rahmanfamily/.m2/repository/com/google/inject/guice/4.1.0/guice-4.1.0-no_aop.jar:/Users/rahmanfamily/.m2/repository/javax/inject/javax.inject/1/javax.inject-1.jar:/Users/rahmanfamily/.m2/repository/aopalliance/aopalliance/1.0/aopalliance-1.0.jar:/Users/rahmanfamily/.m2/repository/org/yaml/snakeyaml/1.21/snakeyaml-1.21.jar:/Users/rahmanfamily/.m2/repository/org/apache/logging/log4j/log4j-api/2.13.3/log4j-api-2.13.3.jar:/Users/rahmanfamily/.m2/repository/org/apache/logging/log4j/log4j-core/2.13.3/log4j-core-2.13.3.jar:/Users/rahmanfamily/.m2/repository/org/postgresql/postgresql/42.2.18/postgresql-42.2.18.jar:/Users/rahmanfamily/.m2/repository/org/checkerframework/checker-qual/3.5.0/checker-qual-3.5.0.jar:/Users/rahmanfamily/.m2/repository/io/rest-assured/rest-assured/4.3.2/rest-assured-4.3.2.jar:/Users/rahmanfamily/.m2/repository/org/codehaus/groovy/groovy/3.0.6/groovy-3.0.6.jar:/Users/rahmanfamily/.m2/repository/org/codehaus/groovy/groovy-xml/3.0.6/groovy-xml-3.0.6.jar:/Users/rahmanfamily/.m2/repository/org/apache/httpcomponents/httpclient/4.5.3/httpclient-4.5.3.jar:/Users/rahmanfamily/.m2/repository/org/apache/httpcomponents/httpcore/4.4.6/httpcore-4.4.6.jar:/Users/rahmanfamily/.m2/repository/commons-logging/commons-logging/1.2/commons-logging-1.2.jar:/Users/rahmanfamily/.m2/repository/org/apache/httpcomponents/httpmime/4.5.3/httpmime-4.5.3.jar:/Users/rahmanfamily/.m2/repository/org/hamcrest/hamcrest/2.1/hamcrest-2.1.jar:/Users/rahmanfamily/.m2/repository/org/ccil/cowan/tagsoup/tagsoup/1.2.1/tagsoup-1.2.1.jar:/Users/rahmanfamily/.m2/repository/io/rest-assured/json-path/4.3.2/json-path-4.3.2.jar:/Users/rahmanfamily/.m2/repository/org/codehaus/groovy/groovy-json/3.0.6/groovy-json-3.0.6.jar:/Users/rahmanfamily/.m2/repository/io/rest-assured/rest-assured-common/4.3.2/rest-assured-common-4.3.2.jar:/Users/rahmanfamily/.m2/repository/io/rest-assured/xml-path/4.3.2/xml-path-4.3.2.jar:/Users/rahmanfamily/.m2/repository/jakarta/xml/bind/jakarta.xml.bind-api/2.3.3/jakarta.xml.bind-api-2.3.3.jar:/Users/rahmanfamily/.m2/repository/jakarta/activation/jakarta.activation-api/1.2.2/jakarta.activation-api-1.2.2.jar:/Users/rahmanfamily/.m2/repository/com/sun/xml/bind/jaxb-impl/2.3.3/jaxb-impl-2.3.3.jar:/Users/rahmanfamily/.m2/repository/com/googlecode/json-simple/json-simple/1.1.1/json-simple-1.1.1.jar:/Users/rahmanfamily/.m2/repository/junit/junit/4.10/junit-4.10.jar:/Users/rahmanfamily/.m2/repository/org/hamcrest/hamcrest-core/1.1/hamcrest-core-1.1.jar:"/>
    <property name="sun.cpu.endian" value="little"/>
    <property name="user.home" value="/Users/rahmanfamily"/>
    <property name="user.language" value="en"/>
    <property name="java.specification.vendor" value="Oracle Corporation"/>
    <property name="java.version.date" value="2020-10-20"/>
    <property name="java.home" value="/usr/local/Cellar/openjdk/15.0.1/libexec/openjdk.jdk/Contents/Home"/>
    <property name="file.separator" value="/"/>
    <property name="basedir" value="/Users/rahmanfamily/Desktop/alibaba"/>
    <property name="java.vm.compressedOopsMode" value="Zero based"/>
    <property name="line.separator" value="&#10;"/>
    <property name="java.specification.name" value="Java Platform API Specification"/>
    <property name="java.vm.specification.vendor" value="Oracle Corporation"/>
    <property name="surefire.real.class.path" value="/Users/rahmanfamily/Desktop/alibaba/target/surefire/surefirebooter5903218784869711583.jar"/>
    <property name="sun.management.compiler" value="HotSpot 64-Bit Tiered Compilers"/>
    <property name="ftp.nonProxyHosts" value="local|*.local|169.254/16|*.169.254/16"/>
    <property name="java.runtime.version" value="15.0.1+9"/>
    <property name="user.name" value="rahmanfamily"/>
    <property name="path.separator" value=":"/>
    <property name="os.version" value="10.15.7"/>
    <property name="java.runtime.name" value="OpenJDK Runtime Environment"/>
    <property name="file.encoding" value="UTF-8"/>
    <property name="java.vm.name" value="OpenJDK 64-Bit Server VM"/>
    <property name="localRepository" value="/Users/rahmanfamily/.m2/repository"/>
    <property name="java.vendor.url.bug" value="https://bugreport.java.com/bugreport/"/>
    <property name="java.io.tmpdir" value="/var/folders/49/x62tygkx03b6nl21d09khr3h0000gn/T/"/>
    <property name="java.version" value="15.0.1"/>
    <property name="user.dir" value="/Users/rahmanfamily/Desktop/alibaba"/>
    <property name="os.arch" value="x86_64"/>
    <property name="java.vm.specification.name" value="Java Virtual Machine Specification"/>
    <property name="java.library.path" value="/Users/rahmanfamily/Library/Java/Extensions:/Library/Java/Extensions:/Network/Library/Java/Extensions:/System/Library/Java/Extensions:/usr/lib/java:."/>
    <property name="java.vm.info" value="mixed mode, sharing"/>
    <property name="java.vendor" value="N/A"/>
    <property name="java.vm.version" value="15.0.1+9"/>
    <property name="sun.io.unicode.encoding" value="UnicodeBig"/>
    <property name="socksNonProxyHosts" value="local|*.local|169.254/16|*.169.254/16"/>
    <property name="java.class.version" value="59.0"/>
  </properties>
  <testcase name="RunInChrome" classname="grid.Chrome1" time="2.194">
    <system-out><![CDATA[18:40:34.822 [TestNG-test=ebay_Automation-1] &amp#27;[0mINFO  utilities.TestEnvironment - execute test in local&amp#27;[m
18:40:34.822 [TestNG-test=ebay_Automation-2] &amp#27;[0mINFO  utilities.TestEnvironment - execute test in local&amp#27;[m
18:41:04.546 [TestNG-test=ebay_Automation-2] &amp#27;[0mINFO  utilities.TestEnvironment - execute test in local&amp#27;[m
Mortgage Calculator
18:41:31.033 [TestNG-test=ebay_Automation-1] &amp#27;[0mINFO  grid.EbayPriceValidation - open bowser&amp#27;[m
]]></system-out>
    <system-err><![CDATA[SLF4J: Failed to load class "org.slf4j.impl.StaticLoggerBinder".
SLF4J: Defaulting to no-operation (NOP) logger implementation
SLF4J: See http://www.slf4j.org/codes.html#StaticLoggerBinder for further details.
StarSttianrgt iCnhgr oCmherDormievDerri v8e7r. 08.74.20.8420.8880 .(8889 (e8293e820a3830ea336ec3364c6344b56d4db153dd0132302493b4193b81235842594299209d-0rde-fres/fbsr/abnracnchh--hheeaaddss//44228800@@{{##1177616})1 }o)n  opno rpto r2t1 716633
1O7nly
 lOonclayl  lcoocnanle cctoinonnesc tairoen sa lalroew eadl.l
oPwleeads.
Pel esaesee  hstetep sh:t/tp/sc:h/r/omcehrdormievderri.vcehrr.ochmroimiuumm..oorrgg//sseeccuurriittyy--ccoonnssiiddeerraattiioonns fors sug gefsotri osnusg goens tkieoenpsi nogn  kCheeropmeiDnrg CihrvoemerD rsiavfeer. 
sCahfreo.m
eCDhrriver owmaesD rsitvaerr tweads  ssutcacretsesd fsuulclcye.s
sfully.
Dec 08, 2020 6:41:04 PM org.openqa.selenium.remote.ProtocolHandshake createSession
INFO: Detected dialect: W3C
Dec 08, 2020 6:41:04 PM org.openqa.selenium.remote.ProtocolHandshake createSession
INFO: Detected dialect: W3C
SStarting ChromeDriver 87.t0.a4r2t8i0ng .C8h8r o(m8e9Der2i38v0ear3 e837.06.c4342684b05.d8d81 (38092e324398b01a338e23564c93249604bd5-drdef1s3/0b2r3an4c9hb-1h3e8a2d5s4/94290d-refs/bra2n8c0h@-{he#a1d76s1/}4)2 8o0n@ {p#o1r7t6 11}9)4 8o5n
 Opnolryt  l4o7c9a6l 5c
oOnnnleyc tlioocnasl  acroen naelcltowiedo.n
sP laeraes ea lsleowee dh.t
tPplse:a/s/ec hsreoem ehdtrtipvse:r/./cchrhroommiedriver.cum.org/security-considerations for suggestions on keeping ChromeDriver safe.
hromium.org/security-considerations for suggestions on keeping ChromeDriver safe.
ChromeDriver was started successfully.
ChromeDriver was started successfully.
Dec 08, 2020 6:41:23 PM org.openqa.selenium.remote.ProtocolHandshake createSession
INFO: Detected dialect: W3C
Dec 08, 2020 6:41:24 PM org.openqa.selenium.remote.ProtocolHandshake createSession
INFO: Detected dialect: W3C
]]></system-err>
  </testcase>
  <testcase name="setVal" classname="grid.EbayPriceValidation" time="17.399"/>
</testsuite>