<?xml version="1.0" encoding="UTF-8"?>
<!-- Generated by org.testng.reporters.JUnitReportReporter -->
<testsuite hostname="Raihans-iMac.local" failures="0" tests="1" name="grid.EbayPriceValidation" time="111.743" errors="0" timestamp="2020-12-08T22:09:16 EST" skipped="0">
  <testcase classname="grid.EbayPriceValidation" name="setVal" time="111.743"/>
  <system-out/>
</testsuite> <!-- grid.EbayPriceValidation -->
