<?xml version="1.0" encoding="UTF-8"?>
<!-- Generated by org.testng.reporters.JUnitReportReporter -->
<testsuite hostname="Raihans-iMac.local" failures="0" tests="1" name="grid.EbayPriceValidation" time="74.878" errors="0" timestamp="2020-12-08T18:41:53 EST" skipped="0">
  <testcase classname="grid.EbayPriceValidation" name="setVal" time="74.878"/>
  <system-out/>
</testsuite> <!-- grid.EbayPriceValidation -->
